This file contains any messages produced by compilers while
running configure, to aid debugging if configure makes a mistake.

It was created by dvdbackup configure 0.4.2, which was
generated by GNU Autoconf 2.69.  Invocation command line was

  $ ./configure LDFLAGS=-L/usr/local/opt/libdvdread/lib CPPFLAGS=-I/usr/local/opt/libdvdread/include

## --------- ##
## Platform. ##
## --------- ##

hostname = blaster.local
uname -m = x86_64
uname -r = 15.5.0
uname -s = Darwin
uname -v = Darwin Kernel Version 15.5.0: Tue Apr 19 18:36:36 PDT 2016; root:xnu-3248.50.21~8/RELEASE_X86_64

/usr/bin/uname -p = i386
/bin/uname -X     = unknown

/bin/arch              = unknown
/usr/bin/arch -k       = unknown
/usr/convex/getsysinfo = unknown
/usr/bin/hostinfo      = Mach kernel version:
	 Darwin Kernel Version 15.5.0: Tue Apr 19 18:36:36 PDT 2016; root:xnu-3248.50.21~8/RELEASE_X86_64
Kernel configured for up to 8 processors.
4 processors are physically available.
8 processors are logically available.
Processor type: x86_64h (Intel x86-64h Haswell)
Processors active: 0 1 2 3 4 5 6 7
Primary memory available: 16.00 gigabytes
Default processor set: 381 tasks, 2238 threads, 8 processors
Load average: 2.00, Mach factor: 5.99
/bin/machine           = unknown
/usr/bin/oslevel       = unknown
/bin/universe          = unknown

PATH: /Users/mscottford/.pyenv/shims
PATH: /Users/mscottford/.plenv/shims
PATH: /usr/local/share/npm/bin
PATH: /usr/local/heroku/bin
PATH: /Users/mscottford/.rbenv/shims
PATH: /Users/mscottford/.rbenv/bin
PATH: /Users/mscottford/bin
PATH: /usr/local/bin
PATH: /usr/local/sbin
PATH: /usr/bin
PATH: /bin
PATH: /usr/sbin
PATH: /sbin
PATH: /usr/X11/bin
PATH: /Users/mscottford/.go/bin


## ----------- ##
## Core tests. ##
## ----------- ##

configure:2299: checking for a BSD-compatible install
configure:2367: result: /usr/bin/install -c
configure:2378: checking whether build environment is sane
configure:2433: result: yes
configure:2584: checking for a thread-safe mkdir -p
configure:2623: result: build-aux/install-sh -c -d
configure:2630: checking for gawk
configure:2660: result: no
configure:2630: checking for mawk
configure:2660: result: no
configure:2630: checking for nawk
configure:2660: result: no
configure:2630: checking for awk
configure:2646: found /usr/bin/awk
configure:2657: result: awk
configure:2668: checking whether make sets $(MAKE)
configure:2690: result: yes
configure:2719: checking whether make supports nested variables
configure:2736: result: yes
configure:2865: checking whether NLS is requested
configure:2874: result: yes
configure:2915: checking for msgfmt
configure:2950: result: no
configure:2956: checking for gmsgfmt
configure:2987: result: :
configure:3038: checking for xgettext
configure:3073: result: no
configure:3116: checking for msgmerge
configure:3150: result: no
configure:3192: checking for style of include used by make
configure:3220: result: GNU
configure:3291: checking for gcc
configure:3318: result: clang
configure:3547: checking for C compiler version
configure:3556: clang --version >&5
Apple LLVM version 7.3.0 (clang-703.0.31)
Target: x86_64-apple-darwin15.5.0
Thread model: posix
InstalledDir: /Applications/Xcode.app/Contents/Developer/Toolchains/XcodeDefault.xctoolchain/usr/bin
configure:3567: $? = 0
configure:3556: clang -v >&5
Apple LLVM version 7.3.0 (clang-703.0.31)
Target: x86_64-apple-darwin15.5.0
Thread model: posix
InstalledDir: /Applications/Xcode.app/Contents/Developer/Toolchains/XcodeDefault.xctoolchain/usr/bin
configure:3567: $? = 0
configure:3556: clang -V >&5
clang: error: argument to '-V' is missing (expected 1 value)
clang: error: no input files
configure:3567: $? = 1
configure:3556: clang -qversion >&5
clang: error: unknown argument: '-qversion'
clang: error: no input files
configure:3567: $? = 1
configure:3587: checking whether the C compiler works
configure:3609: clang  -I/usr/local/opt/libdvdread/include -L/usr/local/opt/libdvdread/lib conftest.c  >&5
configure:3613: $? = 0
configure:3661: result: yes
configure:3664: checking for C compiler default output file name
configure:3666: result: a.out
configure:3672: checking for suffix of executables
configure:3679: clang -o conftest  -I/usr/local/opt/libdvdread/include -L/usr/local/opt/libdvdread/lib conftest.c  >&5
configure:3683: $? = 0
configure:3705: result: 
configure:3727: checking whether we are cross compiling
configure:3735: clang -o conftest  -I/usr/local/opt/libdvdread/include -L/usr/local/opt/libdvdread/lib conftest.c  >&5
configure:3739: $? = 0
configure:3746: ./conftest
configure:3750: $? = 0
configure:3765: result: no
configure:3770: checking for suffix of object files
configure:3792: clang -c  -I/usr/local/opt/libdvdread/include conftest.c >&5
configure:3796: $? = 0
configure:3817: result: o
configure:3821: checking whether we are using the GNU C compiler
configure:3840: clang -c  -I/usr/local/opt/libdvdread/include conftest.c >&5
configure:3840: $? = 0
configure:3849: result: yes
configure:3858: checking whether clang accepts -g
configure:3878: clang -c -g -I/usr/local/opt/libdvdread/include conftest.c >&5
configure:3878: $? = 0
configure:3919: result: yes
configure:3936: checking for clang option to accept ISO C89
configure:3999: clang  -c -g -O2 -I/usr/local/opt/libdvdread/include conftest.c >&5
configure:3999: $? = 0
configure:4012: result: none needed
configure:4037: checking whether clang understands -c and -o together
configure:4059: clang -c conftest.c -o conftest2.o
configure:4062: $? = 0
configure:4059: clang -c conftest.c -o conftest2.o
configure:4062: $? = 0
configure:4074: result: yes
configure:4093: checking dependency style of clang
configure:4204: result: gcc3
configure:4223: checking build system type
configure:4237: result: x86_64-apple-darwin15.5.0
configure:4257: checking host system type
configure:4270: result: x86_64-apple-darwin15.5.0
configure:4314: checking for ld used by GCC
configure:4378: result: /Applications/Xcode.app/Contents/Developer/Toolchains/XcodeDefault.xctoolchain/usr/bin/ld
configure:4385: checking if the linker (/Applications/Xcode.app/Contents/Developer/Toolchains/XcodeDefault.xctoolchain/usr/bin/ld) is GNU ld
configure:4398: result: no
configure:4405: checking for shared library run path origin
configure:4418: result: done
configure:4920: checking for CFPreferencesCopyAppValue
configure:4938: clang -o conftest -g -O2 -I/usr/local/opt/libdvdread/include -L/usr/local/opt/libdvdread/lib conftest.c  -Wl,-framework -Wl,CoreFoundation >&5
configure:4938: $? = 0
configure:4947: result: yes
configure:4954: checking for CFLocaleCopyCurrent
configure:4972: clang -o conftest -g -O2 -I/usr/local/opt/libdvdread/include -L/usr/local/opt/libdvdread/lib conftest.c  -Wl,-framework -Wl,CoreFoundation >&5
configure:4972: $? = 0
configure:4981: result: yes
configure:5030: checking for GNU gettext in libc
configure:5050: clang -o conftest -g -O2 -I/usr/local/opt/libdvdread/include -L/usr/local/opt/libdvdread/lib conftest.c  >&5
conftest.c:13:10: fatal error: 'libintl.h' file not found
#include <libintl.h>
         ^
1 error generated.
configure:5050: $? = 1
configure: failed program was:
| /* confdefs.h */
| #define PACKAGE_NAME "dvdbackup"
| #define PACKAGE_TARNAME "dvdbackup"
| #define PACKAGE_VERSION "0.4.2"
| #define PACKAGE_STRING "dvdbackup 0.4.2"
| #define PACKAGE_BUGREPORT ""
| #define PACKAGE_URL ""
| #define PACKAGE "dvdbackup"
| #define VERSION "0.4.2"
| #define HAVE_CFPREFERENCESCOPYAPPVALUE 1
| #define HAVE_CFLOCALECOPYCURRENT 1
| /* end confdefs.h.  */
| #include <libintl.h>
| 
| extern int _nl_msg_cat_cntr;
| extern int *_nl_domain_bindings;
| int
| main ()
| {
| bindtextdomain ("", "");
| return * gettext ("") + _nl_msg_cat_cntr + *_nl_domain_bindings
|   ;
|   return 0;
| }
configure:5059: result: no
configure:5093: checking for iconv
configure:5115: clang -o conftest -g -O2 -I/usr/local/opt/libdvdread/include -L/usr/local/opt/libdvdread/lib conftest.c  >&5
Undefined symbols for architecture x86_64:
  "_iconv", referenced from:
      _main in conftest-31aed4.o
  "_iconv_close", referenced from:
      _main in conftest-31aed4.o
  "_iconv_open", referenced from:
      _main in conftest-31aed4.o
ld: symbol(s) not found for architecture x86_64
clang: error: linker command failed with exit code 1 (use -v to see invocation)
configure:5115: $? = 1
configure: failed program was:
| /* confdefs.h */
| #define PACKAGE_NAME "dvdbackup"
| #define PACKAGE_TARNAME "dvdbackup"
| #define PACKAGE_VERSION "0.4.2"
| #define PACKAGE_STRING "dvdbackup 0.4.2"
| #define PACKAGE_BUGREPORT ""
| #define PACKAGE_URL ""
| #define PACKAGE "dvdbackup"
| #define VERSION "0.4.2"
| #define HAVE_CFPREFERENCESCOPYAPPVALUE 1
| #define HAVE_CFLOCALECOPYCURRENT 1
| /* end confdefs.h.  */
| #include <stdlib.h>
| #include <iconv.h>
| int
| main ()
| {
| iconv_t cd = iconv_open("","");
|        iconv(cd,NULL,NULL,NULL,NULL);
|        iconv_close(cd);
|   ;
|   return 0;
| }
configure:5137: clang -o conftest -g -O2 -I/usr/local/opt/libdvdread/include -L/usr/local/opt/libdvdread/lib conftest.c  -liconv >&5
configure:5137: $? = 0
configure:5147: result: yes
configure:5150: checking for working iconv
configure:5226: clang -o conftest -g -O2 -I/usr/local/opt/libdvdread/include -L/usr/local/opt/libdvdread/lib conftest.c  -liconv >&5
configure:5226: $? = 0
configure:5226: ./conftest
configure:5226: $? = 0
configure:5238: result: yes
configure:5253: checking how to link with libiconv
configure:5255: result: -liconv
configure:5701: checking for GNU gettext in libintl
configure:5729: clang -o conftest -g -O2 -I/usr/local/opt/libdvdread/include  -L/usr/local/opt/libdvdread/lib conftest.c  -lintl >&5
conftest.c:14:10: fatal error: 'libintl.h' file not found
#include <libintl.h>
         ^
1 error generated.
configure:5729: $? = 1
configure: failed program was:
| /* confdefs.h */
| #define PACKAGE_NAME "dvdbackup"
| #define PACKAGE_TARNAME "dvdbackup"
| #define PACKAGE_VERSION "0.4.2"
| #define PACKAGE_STRING "dvdbackup 0.4.2"
| #define PACKAGE_BUGREPORT ""
| #define PACKAGE_URL ""
| #define PACKAGE "dvdbackup"
| #define VERSION "0.4.2"
| #define HAVE_CFPREFERENCESCOPYAPPVALUE 1
| #define HAVE_CFLOCALECOPYCURRENT 1
| #define HAVE_ICONV 1
| /* end confdefs.h.  */
| #include <libintl.h>
| 
| extern int _nl_msg_cat_cntr;
| extern
| #ifdef __cplusplus
| "C"
| #endif
| const char *_nl_expand_alias (const char *);
| int
| main ()
| {
| bindtextdomain ("", "");
| return * gettext ("") + _nl_msg_cat_cntr + *_nl_expand_alias ("")
|   ;
|   return 0;
| }
configure:5757: clang -o conftest -g -O2 -I/usr/local/opt/libdvdread/include  -L/usr/local/opt/libdvdread/lib conftest.c  -lintl -liconv >&5
conftest.c:14:10: fatal error: 'libintl.h' file not found
#include <libintl.h>
         ^
1 error generated.
configure:5757: $? = 1
configure: failed program was:
| /* confdefs.h */
| #define PACKAGE_NAME "dvdbackup"
| #define PACKAGE_TARNAME "dvdbackup"
| #define PACKAGE_VERSION "0.4.2"
| #define PACKAGE_STRING "dvdbackup 0.4.2"
| #define PACKAGE_BUGREPORT ""
| #define PACKAGE_URL ""
| #define PACKAGE "dvdbackup"
| #define VERSION "0.4.2"
| #define HAVE_CFPREFERENCESCOPYAPPVALUE 1
| #define HAVE_CFLOCALECOPYCURRENT 1
| #define HAVE_ICONV 1
| /* end confdefs.h.  */
| #include <libintl.h>
| 
| extern int _nl_msg_cat_cntr;
| extern
| #ifdef __cplusplus
| "C"
| #endif
| const char *_nl_expand_alias (const char *);
| int
| main ()
| {
| bindtextdomain ("", "");
| return * gettext ("") + _nl_msg_cat_cntr + *_nl_expand_alias ("")
|   ;
|   return 0;
| }
configure:5770: result: no
configure:5805: checking whether to use NLS
configure:5807: result: no
configure:5880: checking whether to enable maintainer-specific portions of Makefiles
configure:5889: result: no
configure:5904: checking for clang option to accept ISO C99
configure:6053: clang  -c -g -O2 -I/usr/local/opt/libdvdread/include conftest.c >&5
configure:6053: $? = 0
configure:6066: result: none needed
configure:6081: checking whether ln -s works
configure:6085: result: yes
configure:6113: checking for DVDOpen in -ldvdread
configure:6138: clang -o conftest -g -O2 -pedantic -Wall -Wextra -I/usr/local/opt/libdvdread/include -L/usr/local/opt/libdvdread/lib conftest.c -ldvdread   >&5
configure:6138: $? = 0
configure:6147: result: yes
configure:6160: checking for DVDFileStat in -ldvdread
configure:6185: clang -o conftest -g -O2 -pedantic -Wall -Wextra -I/usr/local/opt/libdvdread/include -L/usr/local/opt/libdvdread/lib conftest.c -ldvdread  -ldvdread  >&5
configure:6185: $? = 0
configure:6194: result: yes
configure:6210: checking how to run the C preprocessor
configure:6241: clang -E -I/usr/local/opt/libdvdread/include conftest.c
configure:6241: $? = 0
configure:6255: clang -E -I/usr/local/opt/libdvdread/include conftest.c
conftest.c:15:10: fatal error: 'ac_nonexistent.h' file not found
#include <ac_nonexistent.h>
         ^
1 error generated.
configure:6255: $? = 1
configure: failed program was:
| /* confdefs.h */
| #define PACKAGE_NAME "dvdbackup"
| #define PACKAGE_TARNAME "dvdbackup"
| #define PACKAGE_VERSION "0.4.2"
| #define PACKAGE_STRING "dvdbackup 0.4.2"
| #define PACKAGE_BUGREPORT ""
| #define PACKAGE_URL ""
| #define PACKAGE "dvdbackup"
| #define VERSION "0.4.2"
| #define HAVE_CFPREFERENCESCOPYAPPVALUE 1
| #define HAVE_CFLOCALECOPYCURRENT 1
| #define HAVE_ICONV 1
| #define HAVE_LIBDVDREAD 1
| /* end confdefs.h.  */
| #include <ac_nonexistent.h>
configure:6280: result: clang -E
configure:6300: clang -E -I/usr/local/opt/libdvdread/include conftest.c
configure:6300: $? = 0
configure:6314: clang -E -I/usr/local/opt/libdvdread/include conftest.c
conftest.c:15:10: fatal error: 'ac_nonexistent.h' file not found
#include <ac_nonexistent.h>
         ^
1 error generated.
configure:6314: $? = 1
configure: failed program was:
| /* confdefs.h */
| #define PACKAGE_NAME "dvdbackup"
| #define PACKAGE_TARNAME "dvdbackup"
| #define PACKAGE_VERSION "0.4.2"
| #define PACKAGE_STRING "dvdbackup 0.4.2"
| #define PACKAGE_BUGREPORT ""
| #define PACKAGE_URL ""
| #define PACKAGE "dvdbackup"
| #define VERSION "0.4.2"
| #define HAVE_CFPREFERENCESCOPYAPPVALUE 1
| #define HAVE_CFLOCALECOPYCURRENT 1
| #define HAVE_ICONV 1
| #define HAVE_LIBDVDREAD 1
| /* end confdefs.h.  */
| #include <ac_nonexistent.h>
configure:6343: checking for grep that handles long lines and -e
configure:6401: result: /usr/bin/grep
configure:6406: checking for egrep
configure:6468: result: /usr/bin/grep -E
configure:6473: checking for ANSI C header files
configure:6493: clang -c -g -O2 -pedantic -Wall -Wextra -I/usr/local/opt/libdvdread/include conftest.c >&5
configure:6493: $? = 0
configure:6566: clang -o conftest -g -O2 -pedantic -Wall -Wextra -I/usr/local/opt/libdvdread/include -L/usr/local/opt/libdvdread/lib conftest.c -ldvdread  >&5
configure:6566: $? = 0
configure:6566: ./conftest
configure:6566: $? = 0
configure:6577: result: yes
configure:6590: checking for sys/types.h
configure:6590: clang -c -g -O2 -pedantic -Wall -Wextra -I/usr/local/opt/libdvdread/include conftest.c >&5
configure:6590: $? = 0
configure:6590: result: yes
configure:6590: checking for sys/stat.h
configure:6590: clang -c -g -O2 -pedantic -Wall -Wextra -I/usr/local/opt/libdvdread/include conftest.c >&5
configure:6590: $? = 0
configure:6590: result: yes
configure:6590: checking for stdlib.h
configure:6590: clang -c -g -O2 -pedantic -Wall -Wextra -I/usr/local/opt/libdvdread/include conftest.c >&5
configure:6590: $? = 0
configure:6590: result: yes
configure:6590: checking for string.h
configure:6590: clang -c -g -O2 -pedantic -Wall -Wextra -I/usr/local/opt/libdvdread/include conftest.c >&5
configure:6590: $? = 0
configure:6590: result: yes
configure:6590: checking for memory.h
configure:6590: clang -c -g -O2 -pedantic -Wall -Wextra -I/usr/local/opt/libdvdread/include conftest.c >&5
configure:6590: $? = 0
configure:6590: result: yes
configure:6590: checking for strings.h
configure:6590: clang -c -g -O2 -pedantic -Wall -Wextra -I/usr/local/opt/libdvdread/include conftest.c >&5
configure:6590: $? = 0
configure:6590: result: yes
configure:6590: checking for inttypes.h
configure:6590: clang -c -g -O2 -pedantic -Wall -Wextra -I/usr/local/opt/libdvdread/include conftest.c >&5
configure:6590: $? = 0
configure:6590: result: yes
configure:6590: checking for stdint.h
configure:6590: clang -c -g -O2 -pedantic -Wall -Wextra -I/usr/local/opt/libdvdread/include conftest.c >&5
configure:6590: $? = 0
configure:6590: result: yes
configure:6590: checking for unistd.h
configure:6590: clang -c -g -O2 -pedantic -Wall -Wextra -I/usr/local/opt/libdvdread/include conftest.c >&5
configure:6590: $? = 0
configure:6590: result: yes
configure:6604: checking dvdread/dvd_reader.h usability
configure:6604: clang -c -g -O2 -pedantic -Wall -Wextra -I/usr/local/opt/libdvdread/include conftest.c >&5
configure:6604: $? = 0
configure:6604: result: yes
configure:6604: checking dvdread/dvd_reader.h presence
configure:6604: clang -E -I/usr/local/opt/libdvdread/include conftest.c
configure:6604: $? = 0
configure:6604: result: yes
configure:6604: checking for dvdread/dvd_reader.h
configure:6604: result: yes
configure:6619: checking fcntl.h usability
configure:6619: clang -c -g -O2 -pedantic -Wall -Wextra -I/usr/local/opt/libdvdread/include conftest.c >&5
configure:6619: $? = 0
configure:6619: result: yes
configure:6619: checking fcntl.h presence
configure:6619: clang -E -I/usr/local/opt/libdvdread/include conftest.c
configure:6619: $? = 0
configure:6619: result: yes
configure:6619: checking for fcntl.h
configure:6619: result: yes
configure:6619: checking libintl.h usability
configure:6619: clang -c -g -O2 -pedantic -Wall -Wextra -I/usr/local/opt/libdvdread/include conftest.c >&5
conftest.c:60:10: fatal error: 'libintl.h' file not found
#include <libintl.h>
         ^
1 error generated.
configure:6619: $? = 1
configure: failed program was:
| /* confdefs.h */
| #define PACKAGE_NAME "dvdbackup"
| #define PACKAGE_TARNAME "dvdbackup"
| #define PACKAGE_VERSION "0.4.2"
| #define PACKAGE_STRING "dvdbackup 0.4.2"
| #define PACKAGE_BUGREPORT ""
| #define PACKAGE_URL ""
| #define PACKAGE "dvdbackup"
| #define VERSION "0.4.2"
| #define HAVE_CFPREFERENCESCOPYAPPVALUE 1
| #define HAVE_CFLOCALECOPYCURRENT 1
| #define HAVE_ICONV 1
| #define HAVE_LIBDVDREAD 1
| #define STDC_HEADERS 1
| #define HAVE_SYS_TYPES_H 1
| #define HAVE_SYS_STAT_H 1
| #define HAVE_STDLIB_H 1
| #define HAVE_STRING_H 1
| #define HAVE_MEMORY_H 1
| #define HAVE_STRINGS_H 1
| #define HAVE_INTTYPES_H 1
| #define HAVE_STDINT_H 1
| #define HAVE_UNISTD_H 1
| #define HAVE_DVDREAD_DVD_READER_H 1
| #define HAVE_FCNTL_H 1
| /* end confdefs.h.  */
| #include <stdio.h>
| #ifdef HAVE_SYS_TYPES_H
| # include <sys/types.h>
| #endif
| #ifdef HAVE_SYS_STAT_H
| # include <sys/stat.h>
| #endif
| #ifdef STDC_HEADERS
| # include <stdlib.h>
| # include <stddef.h>
| #else
| # ifdef HAVE_STDLIB_H
| #  include <stdlib.h>
| # endif
| #endif
| #ifdef HAVE_STRING_H
| # if !defined STDC_HEADERS && defined HAVE_MEMORY_H
| #  include <memory.h>
| # endif
| # include <string.h>
| #endif
| #ifdef HAVE_STRINGS_H
| # include <strings.h>
| #endif
| #ifdef HAVE_INTTYPES_H
| # include <inttypes.h>
| #endif
| #ifdef HAVE_STDINT_H
| # include <stdint.h>
| #endif
| #ifdef HAVE_UNISTD_H
| # include <unistd.h>
| #endif
| #include <libintl.h>
configure:6619: result: no
configure:6619: checking libintl.h presence
configure:6619: clang -E -I/usr/local/opt/libdvdread/include conftest.c
conftest.c:27:10: fatal error: 'libintl.h' file not found
#include <libintl.h>
         ^
1 error generated.
configure:6619: $? = 1
configure: failed program was:
| /* confdefs.h */
| #define PACKAGE_NAME "dvdbackup"
| #define PACKAGE_TARNAME "dvdbackup"
| #define PACKAGE_VERSION "0.4.2"
| #define PACKAGE_STRING "dvdbackup 0.4.2"
| #define PACKAGE_BUGREPORT ""
| #define PACKAGE_URL ""
| #define PACKAGE "dvdbackup"
| #define VERSION "0.4.2"
| #define HAVE_CFPREFERENCESCOPYAPPVALUE 1
| #define HAVE_CFLOCALECOPYCURRENT 1
| #define HAVE_ICONV 1
| #define HAVE_LIBDVDREAD 1
| #define STDC_HEADERS 1
| #define HAVE_SYS_TYPES_H 1
| #define HAVE_SYS_STAT_H 1
| #define HAVE_STDLIB_H 1
| #define HAVE_STRING_H 1
| #define HAVE_MEMORY_H 1
| #define HAVE_STRINGS_H 1
| #define HAVE_INTTYPES_H 1
| #define HAVE_STDINT_H 1
| #define HAVE_UNISTD_H 1
| #define HAVE_DVDREAD_DVD_READER_H 1
| #define HAVE_FCNTL_H 1
| /* end confdefs.h.  */
| #include <libintl.h>
configure:6619: result: no
configure:6619: checking for libintl.h
configure:6619: result: no
configure:6619: checking limits.h usability
configure:6619: clang -c -g -O2 -pedantic -Wall -Wextra -I/usr/local/opt/libdvdread/include conftest.c >&5
configure:6619: $? = 0
configure:6619: result: yes
configure:6619: checking limits.h presence
configure:6619: clang -E -I/usr/local/opt/libdvdread/include conftest.c
configure:6619: $? = 0
configure:6619: result: yes
configure:6619: checking for limits.h
configure:6619: result: yes
configure:6619: checking locale.h usability
configure:6619: clang -c -g -O2 -pedantic -Wall -Wextra -I/usr/local/opt/libdvdread/include conftest.c >&5
configure:6619: $? = 0
configure:6619: result: yes
configure:6619: checking locale.h presence
configure:6619: clang -E -I/usr/local/opt/libdvdread/include conftest.c
configure:6619: $? = 0
configure:6619: result: yes
configure:6619: checking for locale.h
configure:6619: result: yes
configure:6619: checking for stdint.h
configure:6619: result: yes
configure:6619: checking for stdlib.h
configure:6619: result: yes
configure:6619: checking for string.h
configure:6619: result: yes
configure:6619: checking for unistd.h
configure:6619: result: yes
configure:6631: checking for stdbool.h that conforms to C99
configure:6698: clang -c -g -O2 -pedantic -Wall -Wextra -I/usr/local/opt/libdvdread/include conftest.c >&5
conftest.c:82:24: warning: address of 's' will always evaluate to 'true' [-Wpointer-bool-conversion]
             bool e = &s;
                  ~    ^
conftest.c:86:23: warning: address of array 'a' will always evaluate to 'true' [-Wpointer-bool-conversion]
             return (!a + !b + !c + !d + !e + !f + !g + !h + !i + !!j + !k + !!l
                     ~^
conftest.c:86:28: warning: address of array 'b' will always evaluate to 'true' [-Wpointer-bool-conversion]
             return (!a + !b + !c + !d + !e + !f + !g + !h + !i + !!j + !k + !!l
                          ~^
conftest.c:86:33: warning: address of array 'c' will always evaluate to 'true' [-Wpointer-bool-conversion]
             return (!a + !b + !c + !d + !e + !f + !g + !h + !i + !!j + !k + !!l
                               ~^
conftest.c:86:38: warning: address of array 'd' will always evaluate to 'true' [-Wpointer-bool-conversion]
             return (!a + !b + !c + !d + !e + !f + !g + !h + !i + !!j + !k + !!l
                                    ~^
conftest.c:86:48: warning: address of array 'f' will always evaluate to 'true' [-Wpointer-bool-conversion]
             return (!a + !b + !c + !d + !e + !f + !g + !h + !i + !!j + !k + !!l
                                              ~^
conftest.c:86:53: warning: address of array 'g' will always evaluate to 'true' [-Wpointer-bool-conversion]
             return (!a + !b + !c + !d + !e + !f + !g + !h + !i + !!j + !k + !!l
                                                   ~^
conftest.c:86:58: warning: address of array 'h' will always evaluate to 'true' [-Wpointer-bool-conversion]
             return (!a + !b + !c + !d + !e + !f + !g + !h + !i + !!j + !k + !!l
                                                        ~^
conftest.c:86:63: warning: address of array 'i' will always evaluate to 'true' [-Wpointer-bool-conversion]
             return (!a + !b + !c + !d + !e + !f + !g + !h + !i + !!j + !k + !!l
                                                             ~^
conftest.c:87:30: warning: address of array 'n' will always evaluate to 'true' [-Wpointer-bool-conversion]
                            ~^
conftest.c:87:35: warning: address of array 'o' will always evaluate to 'true' [-Wpointer-bool-conversion]
                                 ~^
conftest.c:87:40: warning: address of array 'p' will always evaluate to 'true' [-Wpointer-bool-conversion]
                                      ~^
12 warnings generated.
configure:6698: $? = 0
configure:6705: result: yes
configure:6707: checking for _Bool
configure:6707: clang -c -g -O2 -pedantic -Wall -Wextra -I/usr/local/opt/libdvdread/include conftest.c >&5
configure:6707: $? = 0
configure:6707: clang -c -g -O2 -pedantic -Wall -Wextra -I/usr/local/opt/libdvdread/include conftest.c >&5
conftest.c:69:20: error: expected expression
if (sizeof ((_Bool)))
                   ^
1 error generated.
configure:6707: $? = 1
configure: failed program was:
| /* confdefs.h */
| #define PACKAGE_NAME "dvdbackup"
| #define PACKAGE_TARNAME "dvdbackup"
| #define PACKAGE_VERSION "0.4.2"
| #define PACKAGE_STRING "dvdbackup 0.4.2"
| #define PACKAGE_BUGREPORT ""
| #define PACKAGE_URL ""
| #define PACKAGE "dvdbackup"
| #define VERSION "0.4.2"
| #define HAVE_CFPREFERENCESCOPYAPPVALUE 1
| #define HAVE_CFLOCALECOPYCURRENT 1
| #define HAVE_ICONV 1
| #define HAVE_LIBDVDREAD 1
| #define STDC_HEADERS 1
| #define HAVE_SYS_TYPES_H 1
| #define HAVE_SYS_STAT_H 1
| #define HAVE_STDLIB_H 1
| #define HAVE_STRING_H 1
| #define HAVE_MEMORY_H 1
| #define HAVE_STRINGS_H 1
| #define HAVE_INTTYPES_H 1
| #define HAVE_STDINT_H 1
| #define HAVE_UNISTD_H 1
| #define HAVE_DVDREAD_DVD_READER_H 1
| #define HAVE_FCNTL_H 1
| #define HAVE_LIMITS_H 1
| #define HAVE_LOCALE_H 1
| #define HAVE_STDINT_H 1
| #define HAVE_STDLIB_H 1
| #define HAVE_STRING_H 1
| #define HAVE_UNISTD_H 1
| /* end confdefs.h.  */
| #include <stdio.h>
| #ifdef HAVE_SYS_TYPES_H
| # include <sys/types.h>
| #endif
| #ifdef HAVE_SYS_STAT_H
| # include <sys/stat.h>
| #endif
| #ifdef STDC_HEADERS
| # include <stdlib.h>
| # include <stddef.h>
| #else
| # ifdef HAVE_STDLIB_H
| #  include <stdlib.h>
| # endif
| #endif
| #ifdef HAVE_STRING_H
| # if !defined STDC_HEADERS && defined HAVE_MEMORY_H
| #  include <memory.h>
| # endif
| # include <string.h>
| #endif
| #ifdef HAVE_STRINGS_H
| # include <strings.h>
| #endif
| #ifdef HAVE_INTTYPES_H
| # include <inttypes.h>
| #endif
| #ifdef HAVE_STDINT_H
| # include <stdint.h>
| #endif
| #ifdef HAVE_UNISTD_H
| # include <unistd.h>
| #endif
| int
| main ()
| {
| if (sizeof ((_Bool)))
| 	    return 0;
|   ;
|   return 0;
| }
configure:6707: result: yes
configure:6724: checking for an ANSI C-conforming const
configure:6790: clang -c -g -O2 -pedantic -Wall -Wextra -I/usr/local/opt/libdvdread/include conftest.c >&5
configure:6790: $? = 0
configure:6797: result: yes
configure:6805: checking for inline
configure:6821: clang -c -g -O2 -pedantic -Wall -Wextra -I/usr/local/opt/libdvdread/include conftest.c >&5
conftest.c:37:21: warning: unused function 'static_foo' [-Wunused-function]
static inline foo_t static_foo () {return 0; }
                    ^
1 warning generated.
configure:6821: $? = 0
configure:6829: result: inline
configure:6847: checking for off_t
configure:6847: clang -c -g -O2 -pedantic -Wall -Wextra -I/usr/local/opt/libdvdread/include conftest.c >&5
configure:6847: $? = 0
configure:6847: clang -c -g -O2 -pedantic -Wall -Wextra -I/usr/local/opt/libdvdread/include conftest.c >&5
conftest.c:71:20: error: expected expression
if (sizeof ((off_t)))
                   ^
1 error generated.
configure:6847: $? = 1
configure: failed program was:
| /* confdefs.h */
| #define PACKAGE_NAME "dvdbackup"
| #define PACKAGE_TARNAME "dvdbackup"
| #define PACKAGE_VERSION "0.4.2"
| #define PACKAGE_STRING "dvdbackup 0.4.2"
| #define PACKAGE_BUGREPORT ""
| #define PACKAGE_URL ""
| #define PACKAGE "dvdbackup"
| #define VERSION "0.4.2"
| #define HAVE_CFPREFERENCESCOPYAPPVALUE 1
| #define HAVE_CFLOCALECOPYCURRENT 1
| #define HAVE_ICONV 1
| #define HAVE_LIBDVDREAD 1
| #define STDC_HEADERS 1
| #define HAVE_SYS_TYPES_H 1
| #define HAVE_SYS_STAT_H 1
| #define HAVE_STDLIB_H 1
| #define HAVE_STRING_H 1
| #define HAVE_MEMORY_H 1
| #define HAVE_STRINGS_H 1
| #define HAVE_INTTYPES_H 1
| #define HAVE_STDINT_H 1
| #define HAVE_UNISTD_H 1
| #define HAVE_DVDREAD_DVD_READER_H 1
| #define HAVE_FCNTL_H 1
| #define HAVE_LIMITS_H 1
| #define HAVE_LOCALE_H 1
| #define HAVE_STDINT_H 1
| #define HAVE_STDLIB_H 1
| #define HAVE_STRING_H 1
| #define HAVE_UNISTD_H 1
| #define HAVE__BOOL 1
| #define HAVE_STDBOOL_H 1
| /* end confdefs.h.  */
| #include <stdio.h>
| #ifdef HAVE_SYS_TYPES_H
| # include <sys/types.h>
| #endif
| #ifdef HAVE_SYS_STAT_H
| # include <sys/stat.h>
| #endif
| #ifdef STDC_HEADERS
| # include <stdlib.h>
| # include <stddef.h>
| #else
| # ifdef HAVE_STDLIB_H
| #  include <stdlib.h>
| # endif
| #endif
| #ifdef HAVE_STRING_H
| # if !defined STDC_HEADERS && defined HAVE_MEMORY_H
| #  include <memory.h>
| # endif
| # include <string.h>
| #endif
| #ifdef HAVE_STRINGS_H
| # include <strings.h>
| #endif
| #ifdef HAVE_INTTYPES_H
| # include <inttypes.h>
| #endif
| #ifdef HAVE_STDINT_H
| # include <stdint.h>
| #endif
| #ifdef HAVE_UNISTD_H
| # include <unistd.h>
| #endif
| int
| main ()
| {
| if (sizeof ((off_t)))
| 	    return 0;
|   ;
|   return 0;
| }
configure:6847: result: yes
configure:6858: checking for size_t
configure:6858: clang -c -g -O2 -pedantic -Wall -Wextra -I/usr/local/opt/libdvdread/include conftest.c >&5
configure:6858: $? = 0
configure:6858: clang -c -g -O2 -pedantic -Wall -Wextra -I/usr/local/opt/libdvdread/include conftest.c >&5
conftest.c:71:21: error: expected expression
if (sizeof ((size_t)))
                    ^
1 error generated.
configure:6858: $? = 1
configure: failed program was:
| /* confdefs.h */
| #define PACKAGE_NAME "dvdbackup"
| #define PACKAGE_TARNAME "dvdbackup"
| #define PACKAGE_VERSION "0.4.2"
| #define PACKAGE_STRING "dvdbackup 0.4.2"
| #define PACKAGE_BUGREPORT ""
| #define PACKAGE_URL ""
| #define PACKAGE "dvdbackup"
| #define VERSION "0.4.2"
| #define HAVE_CFPREFERENCESCOPYAPPVALUE 1
| #define HAVE_CFLOCALECOPYCURRENT 1
| #define HAVE_ICONV 1
| #define HAVE_LIBDVDREAD 1
| #define STDC_HEADERS 1
| #define HAVE_SYS_TYPES_H 1
| #define HAVE_SYS_STAT_H 1
| #define HAVE_STDLIB_H 1
| #define HAVE_STRING_H 1
| #define HAVE_MEMORY_H 1
| #define HAVE_STRINGS_H 1
| #define HAVE_INTTYPES_H 1
| #define HAVE_STDINT_H 1
| #define HAVE_UNISTD_H 1
| #define HAVE_DVDREAD_DVD_READER_H 1
| #define HAVE_FCNTL_H 1
| #define HAVE_LIMITS_H 1
| #define HAVE_LOCALE_H 1
| #define HAVE_STDINT_H 1
| #define HAVE_STDLIB_H 1
| #define HAVE_STRING_H 1
| #define HAVE_UNISTD_H 1
| #define HAVE__BOOL 1
| #define HAVE_STDBOOL_H 1
| /* end confdefs.h.  */
| #include <stdio.h>
| #ifdef HAVE_SYS_TYPES_H
| # include <sys/types.h>
| #endif
| #ifdef HAVE_SYS_STAT_H
| # include <sys/stat.h>
| #endif
| #ifdef STDC_HEADERS
| # include <stdlib.h>
| # include <stddef.h>
| #else
| # ifdef HAVE_STDLIB_H
| #  include <stdlib.h>
| # endif
| #endif
| #ifdef HAVE_STRING_H
| # if !defined STDC_HEADERS && defined HAVE_MEMORY_H
| #  include <memory.h>
| # endif
| # include <string.h>
| #endif
| #ifdef HAVE_STRINGS_H
| # include <strings.h>
| #endif
| #ifdef HAVE_INTTYPES_H
| # include <inttypes.h>
| #endif
| #ifdef HAVE_STDINT_H
| # include <stdint.h>
| #endif
| #ifdef HAVE_UNISTD_H
| # include <unistd.h>
| #endif
| int
| main ()
| {
| if (sizeof ((size_t)))
| 	    return 0;
|   ;
|   return 0;
| }
configure:6858: result: yes
configure:6873: checking for stdlib.h
configure:6873: result: yes
configure:6883: checking for GNU libc compatible malloc
configure:6907: clang -o conftest -g -O2 -pedantic -Wall -Wextra -I/usr/local/opt/libdvdread/include -L/usr/local/opt/libdvdread/lib conftest.c -ldvdread  >&5
configure:6907: $? = 0
configure:6907: ./conftest
configure:6907: $? = 0
configure:6917: result: yes
configure:6938: checking whether lstat correctly handles trailing slash
configure:6964: clang -o conftest -g -O2 -pedantic -Wall -Wextra -I/usr/local/opt/libdvdread/include -L/usr/local/opt/libdvdread/lib conftest.c -ldvdread  >&5
configure:6964: $? = 0
configure:6964: ./conftest
configure:6964: $? = 1
configure: program exited with status 1
configure: failed program was:
| /* confdefs.h */
| #define PACKAGE_NAME "dvdbackup"
| #define PACKAGE_TARNAME "dvdbackup"
| #define PACKAGE_VERSION "0.4.2"
| #define PACKAGE_STRING "dvdbackup 0.4.2"
| #define PACKAGE_BUGREPORT ""
| #define PACKAGE_URL ""
| #define PACKAGE "dvdbackup"
| #define VERSION "0.4.2"
| #define HAVE_CFPREFERENCESCOPYAPPVALUE 1
| #define HAVE_CFLOCALECOPYCURRENT 1
| #define HAVE_ICONV 1
| #define HAVE_LIBDVDREAD 1
| #define STDC_HEADERS 1
| #define HAVE_SYS_TYPES_H 1
| #define HAVE_SYS_STAT_H 1
| #define HAVE_STDLIB_H 1
| #define HAVE_STRING_H 1
| #define HAVE_MEMORY_H 1
| #define HAVE_STRINGS_H 1
| #define HAVE_INTTYPES_H 1
| #define HAVE_STDINT_H 1
| #define HAVE_UNISTD_H 1
| #define HAVE_DVDREAD_DVD_READER_H 1
| #define HAVE_FCNTL_H 1
| #define HAVE_LIMITS_H 1
| #define HAVE_LOCALE_H 1
| #define HAVE_STDINT_H 1
| #define HAVE_STDLIB_H 1
| #define HAVE_STRING_H 1
| #define HAVE_UNISTD_H 1
| #define HAVE__BOOL 1
| #define HAVE_STDBOOL_H 1
| #define HAVE_STDLIB_H 1
| #define HAVE_MALLOC 1
| /* end confdefs.h.  */
| #include <stdio.h>
| #ifdef HAVE_SYS_TYPES_H
| # include <sys/types.h>
| #endif
| #ifdef HAVE_SYS_STAT_H
| # include <sys/stat.h>
| #endif
| #ifdef STDC_HEADERS
| # include <stdlib.h>
| # include <stddef.h>
| #else
| # ifdef HAVE_STDLIB_H
| #  include <stdlib.h>
| # endif
| #endif
| #ifdef HAVE_STRING_H
| # if !defined STDC_HEADERS && defined HAVE_MEMORY_H
| #  include <memory.h>
| # endif
| # include <string.h>
| #endif
| #ifdef HAVE_STRINGS_H
| # include <strings.h>
| #endif
| #ifdef HAVE_INTTYPES_H
| # include <inttypes.h>
| #endif
| #ifdef HAVE_STDINT_H
| # include <stdint.h>
| #endif
| #ifdef HAVE_UNISTD_H
| # include <unistd.h>
| #endif
| int
| main ()
| {
| struct stat sbuf;
|      /* Linux will dereference the symlink and fail, as required by POSIX.
| 	That is better in the sense that it means we will not
| 	have to compile and use the lstat wrapper.  */
|      return lstat ("conftest.sym/", &sbuf) == 0;
|   ;
|   return 0;
| }
configure:6981: result: no
configure:7000: checking whether stat accepts an empty string
configure:7020: clang -o conftest -g -O2 -pedantic -Wall -Wextra -I/usr/local/opt/libdvdread/include -L/usr/local/opt/libdvdread/lib conftest.c -ldvdread  >&5
configure:7020: $? = 0
configure:7020: ./conftest
configure:7020: $? = 0
configure:7030: result: no
configure:7049: checking for mkdir
configure:7049: clang -o conftest -g -O2 -pedantic -Wall -Wextra -I/usr/local/opt/libdvdread/include -L/usr/local/opt/libdvdread/lib conftest.c -ldvdread  >&5
configure:7049: $? = 0
configure:7049: result: yes
configure:7049: checking for setlocale
configure:7049: clang -o conftest -g -O2 -pedantic -Wall -Wextra -I/usr/local/opt/libdvdread/include -L/usr/local/opt/libdvdread/lib conftest.c -ldvdread  >&5
configure:7049: $? = 0
configure:7049: result: yes
configure:7049: checking for strstr
configure:7049: clang -o conftest -g -O2 -pedantic -Wall -Wextra -I/usr/local/opt/libdvdread/include -L/usr/local/opt/libdvdread/lib conftest.c -ldvdread  >&5
conftest.c:62:6: warning: incompatible redeclaration of library function 'strstr' [-Wincompatible-library-redeclaration]
char strstr ();
     ^
conftest.c:62:6: note: 'strstr' is a builtin with type 'char *(const char *, const char *)'
1 warning generated.
configure:7049: $? = 0
configure:7049: result: yes
configure:7067: checking for special C compiler options needed for large files
configure:7112: result: no
configure:7118: checking for _FILE_OFFSET_BITS value needed for large files
configure:7143: clang -c -g -O2 -pedantic -Wall -Wextra -I/usr/local/opt/libdvdread/include conftest.c >&5
configure:7143: $? = 0
configure:7175: result: no
configure:7374: checking that generated files are newer than configure
configure:7380: result: done
configure:7407: creating ./config.status

## ---------------------- ##
## Running config.status. ##
## ---------------------- ##

This file was extended by dvdbackup config.status 0.4.2, which was
generated by GNU Autoconf 2.69.  Invocation command line was

  CONFIG_FILES    = 
  CONFIG_HEADERS  = 
  CONFIG_LINKS    = 
  CONFIG_COMMANDS = 
  $ ./config.status 

on blaster.local

config.status:911: creating Makefile
config.status:911: creating man/Makefile
config.status:911: creating po/Makefile.in
config.status:911: creating src/Makefile
config.status:911: creating config.h
config.status:1140: executing po-directories commands
config.status:1140: executing depfiles commands

## ---------------- ##
## Cache variables. ##
## ---------------- ##

ac_cv_build=x86_64-apple-darwin15.5.0
ac_cv_c_compiler_gnu=yes
ac_cv_c_const=yes
ac_cv_c_inline=inline
ac_cv_env_CC_set=set
ac_cv_env_CC_value=clang
ac_cv_env_CFLAGS_set=
ac_cv_env_CFLAGS_value=
ac_cv_env_CPPFLAGS_set=set
ac_cv_env_CPPFLAGS_value=-I/usr/local/opt/libdvdread/include
ac_cv_env_CPP_set=
ac_cv_env_CPP_value=
ac_cv_env_LDFLAGS_set=set
ac_cv_env_LDFLAGS_value=-L/usr/local/opt/libdvdread/lib
ac_cv_env_LIBS_set=
ac_cv_env_LIBS_value=
ac_cv_env_build_alias_set=
ac_cv_env_build_alias_value=
ac_cv_env_host_alias_set=
ac_cv_env_host_alias_value=
ac_cv_env_target_alias_set=
ac_cv_env_target_alias_value=
ac_cv_func_lstat_dereferences_slashed_symlink=no
ac_cv_func_malloc_0_nonnull=yes
ac_cv_func_mkdir=yes
ac_cv_func_setlocale=yes
ac_cv_func_stat_empty_string_bug=no
ac_cv_func_strstr=yes
ac_cv_header_dvdread_dvd_reader_h=yes
ac_cv_header_fcntl_h=yes
ac_cv_header_inttypes_h=yes
ac_cv_header_libintl_h=no
ac_cv_header_limits_h=yes
ac_cv_header_locale_h=yes
ac_cv_header_memory_h=yes
ac_cv_header_stdbool_h=yes
ac_cv_header_stdc=yes
ac_cv_header_stdint_h=yes
ac_cv_header_stdlib_h=yes
ac_cv_header_string_h=yes
ac_cv_header_strings_h=yes
ac_cv_header_sys_stat_h=yes
ac_cv_header_sys_types_h=yes
ac_cv_header_unistd_h=yes
ac_cv_host=x86_64-apple-darwin15.5.0
ac_cv_lib_dvdread_DVDFileStat=yes
ac_cv_lib_dvdread_DVDOpen=yes
ac_cv_objext=o
ac_cv_path_EGREP='/usr/bin/grep -E'
ac_cv_path_GMSGFMT=:
ac_cv_path_GREP=/usr/bin/grep
ac_cv_path_MSGFMT=:
ac_cv_path_MSGMERGE=:
ac_cv_path_XGETTEXT=:
ac_cv_path_install='/usr/bin/install -c'
ac_cv_prog_AWK=awk
ac_cv_prog_CPP='clang -E'
ac_cv_prog_ac_ct_CC=clang
ac_cv_prog_cc_c89=
ac_cv_prog_cc_c99=
ac_cv_prog_cc_g=yes
ac_cv_prog_make_make_set=yes
ac_cv_sys_file_offset_bits=no
ac_cv_sys_largefile_CC=no
ac_cv_type__Bool=yes
ac_cv_type_off_t=yes
ac_cv_type_size_t=yes
acl_cv_hardcode_direct=no
acl_cv_hardcode_libdir_flag_spec=
acl_cv_hardcode_libdir_separator=
acl_cv_hardcode_minus_L=no
acl_cv_libext=a
acl_cv_libname_spec='lib$name'
acl_cv_library_names_spec='$libname$shrext'
acl_cv_path_LD=/Applications/Xcode.app/Contents/Developer/Toolchains/XcodeDefault.xctoolchain/usr/bin/ld
acl_cv_prog_gnu_ld=no
acl_cv_rpath=done
acl_cv_shlibext=dylib
acl_cv_wl=-Wl,
am_cv_CC_dependencies_compiler_type=gcc3
am_cv_func_iconv=yes
am_cv_func_iconv_works=yes
am_cv_lib_iconv=yes
am_cv_make_support_nested_variables=yes
am_cv_prog_cc_c_o=yes
gt_cv_func_CFLocaleCopyCurrent=yes
gt_cv_func_CFPreferencesCopyAppValue=yes
gt_cv_func_gnugettext1_libc=no
gt_cv_func_gnugettext1_libintl=no

## ----------------- ##
## Output variables. ##
## ----------------- ##

ACLOCAL='${SHELL} /Users/mscottford/src/corgibytes/dvdbackup/build-aux/missing aclocal-1.15'
AMDEPBACKSLASH='\'
AMDEP_FALSE='#'
AMDEP_TRUE=''
AMTAR='$${TAR-tar}'
AM_BACKSLASH='\'
AM_DEFAULT_V='$(AM_DEFAULT_VERBOSITY)'
AM_DEFAULT_VERBOSITY='1'
AM_V='$(V)'
AUTOCONF='${SHELL} /Users/mscottford/src/corgibytes/dvdbackup/build-aux/missing autoconf'
AUTOHEADER='${SHELL} /Users/mscottford/src/corgibytes/dvdbackup/build-aux/missing autoheader'
AUTOMAKE='${SHELL} /Users/mscottford/src/corgibytes/dvdbackup/build-aux/missing automake-1.15'
AWK='awk'
CC='clang'
CCDEPMODE='depmode=gcc3'
CFLAGS='-g -O2 -pedantic -Wall -Wextra '
CPP='clang -E'
CPPFLAGS='-I/usr/local/opt/libdvdread/include'
CYGPATH_W='echo'
DEFS='-DHAVE_CONFIG_H'
DEPDIR='.deps'
ECHO_C='\c'
ECHO_N=''
ECHO_T=''
EGREP='/usr/bin/grep -E'
EXEEXT=''
GETTEXT_MACRO_VERSION='0.17'
GMSGFMT=':'
GMSGFMT_015=':'
GREP='/usr/bin/grep'
INSTALL_DATA='${INSTALL} -m 644'
INSTALL_PROGRAM='${INSTALL}'
INSTALL_SCRIPT='${INSTALL}'
INSTALL_STRIP_PROGRAM='$(install_sh) -c -s'
INTLLIBS=''
INTL_MACOSX_LIBS='-Wl,-framework -Wl,CoreFoundation'
LDFLAGS='-L/usr/local/opt/libdvdread/lib'
LIBICONV='-liconv'
LIBINTL=''
LIBOBJS=' ${LIBOBJDIR}lstat$U.o'
LIBS='-ldvdread '
LN_S='ln -s'
LTLIBICONV='-liconv'
LTLIBINTL=''
LTLIBOBJS=' ${LIBOBJDIR}lstat$U.lo'
MAINT='#'
MAINTAINER_MODE_FALSE=''
MAINTAINER_MODE_TRUE='#'
MAKEINFO='${SHELL} /Users/mscottford/src/corgibytes/dvdbackup/build-aux/missing makeinfo'
MKDIR_P='build-aux/install-sh -c -d'
MSGFMT=':'
MSGFMT_015=':'
MSGMERGE=':'
OBJEXT='o'
PACKAGE='dvdbackup'
PACKAGE_BUGREPORT=''
PACKAGE_NAME='dvdbackup'
PACKAGE_STRING='dvdbackup 0.4.2'
PACKAGE_TARNAME='dvdbackup'
PACKAGE_URL=''
PACKAGE_VERSION='0.4.2'
PATH_SEPARATOR=':'
POSUB=''
SET_MAKE=''
SHELL='/bin/sh'
STRIP=''
USE_NLS='no'
VERSION='0.4.2'
XGETTEXT=':'
XGETTEXT_015=':'
XGETTEXT_EXTRA_OPTIONS=''
ac_ct_CC='clang'
am__EXEEXT_FALSE=''
am__EXEEXT_TRUE='#'
am__fastdepCC_FALSE='#'
am__fastdepCC_TRUE=''
am__include='include'
am__isrc=''
am__leading_dot='.'
am__nodep='_no'
am__quote=''
am__tar='$${TAR-tar} chof - "$$tardir"'
am__untar='$${TAR-tar} xf -'
bindir='${exec_prefix}/bin'
build='x86_64-apple-darwin15.5.0'
build_alias=''
build_cpu='x86_64'
build_os='darwin15.5.0'
build_vendor='apple'
datadir='${datarootdir}'
datarootdir='${prefix}/share'
docdir='${datarootdir}/doc/${PACKAGE_TARNAME}'
dvidir='${docdir}'
exec_prefix='${prefix}'
host='x86_64-apple-darwin15.5.0'
host_alias=''
host_cpu='x86_64'
host_os='darwin15.5.0'
host_vendor='apple'
htmldir='${docdir}'
includedir='${prefix}/include'
infodir='${datarootdir}/info'
install_sh='${SHELL} /Users/mscottford/src/corgibytes/dvdbackup/build-aux/install-sh'
libdir='${exec_prefix}/lib'
libexecdir='${exec_prefix}/libexec'
localedir='${datarootdir}/locale'
localstatedir='${prefix}/var'
mandir='${datarootdir}/man'
mkdir_p='$(MKDIR_P)'
oldincludedir='/usr/include'
pdfdir='${docdir}'
prefix='/usr/local'
program_transform_name='s,x,x,'
psdir='${docdir}'
sbindir='${exec_prefix}/sbin'
sharedstatedir='${prefix}/com'
sysconfdir='${prefix}/etc'
target_alias=''

## ----------- ##
## confdefs.h. ##
## ----------- ##

/* confdefs.h */
#define PACKAGE_NAME "dvdbackup"
#define PACKAGE_TARNAME "dvdbackup"
#define PACKAGE_VERSION "0.4.2"
#define PACKAGE_STRING "dvdbackup 0.4.2"
#define PACKAGE_BUGREPORT ""
#define PACKAGE_URL ""
#define PACKAGE "dvdbackup"
#define VERSION "0.4.2"
#define HAVE_CFPREFERENCESCOPYAPPVALUE 1
#define HAVE_CFLOCALECOPYCURRENT 1
#define HAVE_ICONV 1
#define HAVE_LIBDVDREAD 1
#define STDC_HEADERS 1
#define HAVE_SYS_TYPES_H 1
#define HAVE_SYS_STAT_H 1
#define HAVE_STDLIB_H 1
#define HAVE_STRING_H 1
#define HAVE_MEMORY_H 1
#define HAVE_STRINGS_H 1
#define HAVE_INTTYPES_H 1
#define HAVE_STDINT_H 1
#define HAVE_UNISTD_H 1
#define HAVE_DVDREAD_DVD_READER_H 1
#define HAVE_FCNTL_H 1
#define HAVE_LIMITS_H 1
#define HAVE_LOCALE_H 1
#define HAVE_STDINT_H 1
#define HAVE_STDLIB_H 1
#define HAVE_STRING_H 1
#define HAVE_UNISTD_H 1
#define HAVE__BOOL 1
#define HAVE_STDBOOL_H 1
#define HAVE_STDLIB_H 1
#define HAVE_MALLOC 1
#define HAVE_MKDIR 1
#define HAVE_SETLOCALE 1
#define HAVE_STRSTR 1

configure: exit 0
